<?xml version="1.0" encoding="utf-8"?><testsuites><testsuite name="pytest" errors="1" failures="0" skipped="0" tests="1" time="0.307" timestamp="2026-03-08T21:30:40.370126" hostname="dev-elevatediq-2"><testcase classname="" name="self_healing_auto_merge.test_auto_merge" time="0.000"><error message="collection failure">../.local/lib/python3.12/site-packages/_pytest/python.py:617: in _importtestmodule
    mod = import_path(self.path, mode=importmode, root=self.config.rootpath)
../.local/lib/python3.12/site-packages/_pytest/pathlib.py:567: in import_path
    importlib.import_module(module_name)
/usr/lib/python3.12/importlib/__init__.py:90: in import_module
    return _bootstrap._gcd_import(name[level:], package, level)
&lt;frozen importlib._bootstrap&gt;:1387: in _gcd_import
    ???
&lt;frozen importlib._bootstrap&gt;:1360: in _find_and_load
    ???
&lt;frozen importlib._bootstrap&gt;:1331: in _find_and_load_unlocked
    ???
&lt;frozen importlib._bootstrap&gt;:935: in _load_unlocked
    ???
../.local/lib/python3.12/site-packages/_pytest/assertion/rewrite.py:177: in exec_module
    source_stat, co = _rewrite_test(fn, self.config)
../.local/lib/python3.12/site-packages/_pytest/assertion/rewrite.py:359: in _rewrite_test
    tree = ast.parse(source, filename=strfn)
/usr/lib/python3.12/ast.py:52: in parse
    return compile(source, filename, mode, flags,
E     File "/home/akushnir/self-hosted-runner/self_healing_auto_merge/test_auto_merge.py", line 40
E       &gt;&gt;&gt;&gt;&gt;&gt;&gt; 1379a4e11 (feat(auto-merge): implementation + package init)
E                  ^
E   SyntaxError: invalid decimal literal</error></testcase></testsuite></testsuites>