<?xml version="1.0" encoding="utf-8"?><testsuites><testsuite name="pytest" errors="0" failures="0" skipped="0" tests="3" time="0.142" timestamp="2026-03-08T21:27:26.843307" hostname="dev-elevatediq-2"><testcase classname="self_healing_auto_merge.test_auto_merge" name="test_schedule_merge_low" time="0.053" /><testcase classname="self_healing_auto_merge.test_auto_merge" name="test_schedule_merge_critical_rejected" time="0.001" /><testcase classname="self_healing_auto_merge.test_auto_merge" name="test_rollback_hook" time="0.001" /></testsuite></testsuites>