{"numFailedTestSuites":2,"numFailedTests":12,"numPassedTestSuites":8,"numPassedTests":162,"numPendingTestSuites":0,"numPendingTests":0,"numRuntimeErrorTestSuites":0,"numTodoTests":0,"numTotalTestSuites":10,"numTotalTests":174,"openHandles":[],"snapshot":{"added":0,"didUpdate":false,"failure":false,"filesAdded":0,"filesRemoved":0,"filesRemovedList":[],"filesUnmatched":0,"filesUpdated":0,"matched":0,"total":0,"unchecked":0,"uncheckedKeysByFile":[],"unmatched":0,"updated":0},"startTime":1773326503295,"success":false,"testResults":[{"assertionResults":[{"ancestorTitles":["Unified Response Middleware","Request ID Middleware"],"duration":23,"failureDetails":[],"failureMessages":[],"fullName":"Unified Response Middleware Request ID Middleware should attach requestId to request object","invocations":1,"location":null,"numPassingAsserts":2,"retryReasons":[],"status":"passed","title":"should attach requestId to request object"},{"ancestorTitles":["Unified Response Middleware","Request ID Middleware"],"duration":28,"failureDetails":[],"failureMessages":[],"fullName":"Unified Response Middleware Request ID Middleware should set X-Request-ID header","invocations":1,"location":null,"numPassingAsserts":1,"retryReasons":[],"status":"passed","title":"should set X-Request-ID header"},{"ancestorTitles":["Unified Response Middleware","Unified Response Middleware"],"duration":8,"failureDetails":[],"failureMessages":[],"fullName":"Unified Response Middleware Unified Response Middleware should wrap data in APIResponse on success","invocations":1,"location":null,"numPassingAsserts":8,"retryReasons":[],"status":"passed","title":"should wrap data in APIResponse on success"},{"ancestorTitles":["Unified Response Middleware","Unified Response Middleware"],"duration":12,"failureDetails":[],"failureMessages":[],"fullName":"Unified Response Middleware Unified Response Middleware should preserve already-wrapped responses","invocations":1,"location":null,"numPassingAsserts":2,"retryReasons":[],"status":"passed","title":"should preserve already-wrapped responses"},{"ancestorTitles":["Unified Response Middleware","Rate Limiting Middleware"],"duration":6,"failureDetails":[],"failureMessages":[],"fullName":"Unified Response Middleware Rate Limiting Middleware should set rate limit headers","invocations":1,"location":null,"numPassingAsserts":3,"retryReasons":[],"status":"passed","title":"should set rate limit headers"},{"ancestorTitles":["Unified Response Middleware","Rate Limiting Middleware"],"duration":3224,"failureDetails":[],"failureMessages":[],"fullName":"Unified Response Middleware Rate Limiting Middleware should block requests exceeding limit","invocations":1,"location":null,"numPassingAsserts":5,"retryReasons":[],"status":"passed","title":"should block requests exceeding limit"},{"ancestorTitles":["Unified Response Middleware","Rate Limiting Middleware"],"duration":30,"failureDetails":[],"failureMessages":[],"fullName":"Unified Response Middleware Rate Limiting Middleware should track limits per API key","invocations":1,"location":null,"numPassingAsserts":1,"retryReasons":[],"status":"passed","title":"should track limits per API key"},{"ancestorTitles":["Unified Response Middleware","Error Handler Middleware"],"duration":18,"failureDetails":[{"matcherResult":{"expected":"error","message":"\u001b[2mexpect(\u001b[22m\u001b[31mreceived\u001b[39m\u001b[2m).\u001b[22mtoBe\u001b[2m(\u001b[22m\u001b[32mexpected\u001b[39m\u001b[2m) // Object.is equality\u001b[22m\n\nExpected: \u001b[32m\"error\"\u001b[39m\nReceived: \u001b[31mundefined\u001b[39m","name":"toBe","pass":false}}],"failureMessages":["Error: \u001b[2mexpect(\u001b[22m\u001b[31mreceived\u001b[39m\u001b[2m).\u001b[22mtoBe\u001b[2m(\u001b[22m\u001b[32mexpected\u001b[39m\u001b[2m) // Object.is equality\u001b[22m\n\nExpected: \u001b[32m\"error\"\u001b[39m\nReceived: \u001b[31mundefined\u001b[39m\n    at Object.<anonymous> (/home/akushnir/self-hosted-runner/backend/tests/integration/unified-response-middleware.test.ts:160:36)\n    at processTicksAndRejections (node:internal/process/task_queues:95:5)"],"fullName":"Unified Response Middleware Error Handler Middleware should catch errors and return APIResponse with error status","invocations":1,"location":null,"numPassingAsserts":1,"retryReasons":[],"status":"failed","title":"should catch errors and return APIResponse with error status"},{"ancestorTitles":["Unified Response Middleware","Content-Type Headers"],"duration":4,"failureDetails":[],"failureMessages":[],"fullName":"Unified Response Middleware Content-Type Headers should set Content-Type to application/json","invocations":1,"location":null,"numPassingAsserts":1,"retryReasons":[],"status":"passed","title":"should set Content-Type to application/json"}],"endTime":1773326520814,"message":"\u001b[1m\u001b[31m  \u001b[1m● \u001b[22m\u001b[1mUnified Response Middleware › Error Handler Middleware › should catch errors and return APIResponse with error status\u001b[39m\u001b[22m\n\n    \u001b[2mexpect(\u001b[22m\u001b[31mreceived\u001b[39m\u001b[2m).\u001b[22mtoBe\u001b[2m(\u001b[22m\u001b[32mexpected\u001b[39m\u001b[2m) // Object.is equality\u001b[22m\n\n    Expected: \u001b[32m\"error\"\u001b[39m\n    Received: \u001b[31mundefined\u001b[39m\n\u001b[2m\u001b[22m\n\u001b[2m    \u001b[0m \u001b[90m 158 |\u001b[39m       \u001b[36mconst\u001b[39m response \u001b[33m=\u001b[39m \u001b[36mawait\u001b[39m request(app)\u001b[33m.\u001b[39m\u001b[36mget\u001b[39m(\u001b[32m'/test/throws'\u001b[39m)\u001b[33m;\u001b[39m\u001b[22m\n\u001b[2m     \u001b[90m 159 |\u001b[39m       expect(response\u001b[33m.\u001b[39mstatusCode)\u001b[33m.\u001b[39mtoBe(\u001b[33mHttpStatus\u001b[39m\u001b[33m.\u001b[39m\u001b[33mINTERNAL_SERVER_ERROR\u001b[39m)\u001b[33m;\u001b[39m\u001b[22m\n\u001b[2m    \u001b[31m\u001b[1m>\u001b[22m\u001b[2m\u001b[39m\u001b[90m 160 |\u001b[39m       expect(response\u001b[33m.\u001b[39mbody\u001b[33m.\u001b[39mstatus)\u001b[33m.\u001b[39mtoBe(\u001b[32m'error'\u001b[39m)\u001b[33m;\u001b[39m\u001b[22m\n\u001b[2m     \u001b[90m     |\u001b[39m                                    \u001b[31m\u001b[1m^\u001b[22m\u001b[2m\u001b[39m\u001b[22m\n\u001b[2m     \u001b[90m 161 |\u001b[39m       expect(response\u001b[33m.\u001b[39mbody\u001b[33m.\u001b[39merror\u001b[33m.\u001b[39mcode)\u001b[33m.\u001b[39mtoBe(\u001b[33mErrorCode\u001b[39m\u001b[33m.\u001b[39m\u001b[33mINTERNAL_ERROR\u001b[39m)\u001b[33m;\u001b[39m\u001b[22m\n\u001b[2m     \u001b[90m 162 |\u001b[39m       expect(response\u001b[33m.\u001b[39mbody\u001b[33m.\u001b[39mdata)\u001b[33m.\u001b[39mtoBeNull()\u001b[33m;\u001b[39m\u001b[22m\n\u001b[2m     \u001b[90m 163 |\u001b[39m     })\u001b[33m;\u001b[39m\u001b[0m\u001b[22m\n\u001b[2m\u001b[22m\n\u001b[2m      \u001b[2mat Object.<anonymous> (\u001b[22m\u001b[2m\u001b[0m\u001b[36mtests/integration/unified-response-middleware.test.ts\u001b[39m\u001b[0m\u001b[2m:160:36)\u001b[22m\u001b[2m\u001b[22m\n","name":"/home/akushnir/self-hosted-runner/backend/tests/integration/unified-response-middleware.test.ts","startTime":1773326503514,"status":"failed","summary":""},{"assertionResults":[{"ancestorTitles":["Portal MVP Backend API Tests","CredentialService"],"duration":114,"failureDetails":[{}],"failureMessages":["Error: Credential 'test-db-password' not found in any layer (GSM, Vault, KMS, Cache)\n    at CredentialService.resolveCredential (/home/akushnir/self-hosted-runner/backend/src/credentials.ts:202:13)\n    at processTicksAndRejections (node:internal/process/task_queues:95:5)\n    at Object.<anonymous> (/home/akushnir/self-hosted-runner/backend/tests/unit/services.spec.ts:26:26)"],"fullName":"Portal MVP Backend API Tests CredentialService should resolve credential from 4-layer cascade","invocations":1,"location":null,"numPassingAsserts":0,"retryReasons":[],"status":"failed","title":"should resolve credential from 4-layer cascade"},{"ancestorTitles":["Portal MVP Backend API Tests","CredentialService"],"duration":23,"failureDetails":[{}],"failureMessages":["Error: Credential 'test-api-key' not found in any layer (GSM, Vault, KMS, Cache)\n    at CredentialService.resolveCredential (/home/akushnir/self-hosted-runner/backend/src/credentials.ts:202:13)\n    at processTicksAndRejections (node:internal/process/task_queues:95:5)\n    at Object.<anonymous> (/home/akushnir/self-hosted-runner/backend/tests/unit/services.spec.ts:34:21)"],"fullName":"Portal MVP Backend API Tests CredentialService should handle credential resolution (idempotent)","invocations":1,"location":null,"numPassingAsserts":0,"retryReasons":[],"status":"failed","title":"should handle credential resolution (idempotent)"},{"ancestorTitles":["Portal MVP Backend API Tests","CredentialService"],"duration":2,"failureDetails":[{"code":"ERR_INVALID_ARG_TYPE"}],"failureMessages":["TypeError: The \"data\" argument must be of type string or an instance of Buffer, TypedArray, or DataView. Received undefined\n    at Hash.update (node:internal/crypto/hash:140:11)\n    at CredentialService.rotateCredential (/home/akushnir/self-hosted-runner/backend/src/credentials.ts:281:10)\n    at processTicksAndRejections (node:internal/process/task_queues:95:5)\n    at Object.<anonymous> (/home/akushnir/self-hosted-runner/backend/tests/unit/services.spec.ts:41:24)"],"fullName":"Portal MVP Backend API Tests CredentialService should rotate credential and track history (immutable)","invocations":1,"location":null,"numPassingAsserts":0,"retryReasons":[],"status":"failed","title":"should rotate credential and track history (immutable)"},{"ancestorTitles":["Portal MVP Backend API Tests","CredentialService"],"duration":0,"failureDetails":[{}],"failureMessages":["Error: Failed to schedule rotation: Cannot read properties of undefined (reading 'upsert')\n    at CredentialService.scheduleRotation (/home/akushnir/self-hosted-runner/backend/src/credentials.ts:373:13)\n    at Object.<anonymous> (/home/akushnir/self-hosted-runner/backend/tests/unit/services.spec.ts:57:49)\n    at Promise.then.completed (/home/akushnir/self-hosted-runner/backend/node_modules/jest-circus/build/utils.js:298:28)\n    at new Promise (<anonymous>)\n    at callAsyncCircusFn (/home/akushnir/self-hosted-runner/backend/node_modules/jest-circus/build/utils.js:231:10)\n    at _callCircusTest (/home/akushnir/self-hosted-runner/backend/node_modules/jest-circus/build/run.js:316:40)\n    at processTicksAndRejections (node:internal/process/task_queues:95:5)\n    at _runTest (/home/akushnir/self-hosted-runner/backend/node_modules/jest-circus/build/run.js:252:3)\n    at _runTestsForDescribeBlock (/home/akushnir/self-hosted-runner/backend/node_modules/jest-circus/build/run.js:126:9)\n    at _runTestsForDescribeBlock (/home/akushnir/self-hosted-runner/backend/node_modules/jest-circus/build/run.js:121:9)\n    at _runTestsForDescribeBlock (/home/akushnir/self-hosted-runner/backend/node_modules/jest-circus/build/run.js:121:9)\n    at run (/home/akushnir/self-hosted-runner/backend/node_modules/jest-circus/build/run.js:71:3)\n    at runAndTransformResultsToJestFormat (/home/akushnir/self-hosted-runner/backend/node_modules/jest-circus/build/legacy-code-todo-rewrite/jestAdapterInit.js:122:21)\n    at jestAdapter (/home/akushnir/self-hosted-runner/backend/node_modules/jest-circus/build/legacy-code-todo-rewrite/jestAdapter.js:79:19)\n    at runTestInternal (/home/akushnir/self-hosted-runner/backend/node_modules/jest-runner/build/runTest.js:367:16)\n    at runTest (/home/akushnir/self-hosted-runner/backend/node_modules/jest-runner/build/runTest.js:444:34)"],"fullName":"Portal MVP Backend API Tests CredentialService should schedule credential rotation (idempotent)","invocations":1,"location":null,"numPassingAsserts":0,"retryReasons":[],"status":"failed","title":"should schedule credential rotation (idempotent)"},{"ancestorTitles":["Portal MVP Backend API Tests","AuditService"],"duration":2,"failureDetails":[],"failureMessages":[],"fullName":"Portal MVP Backend API Tests AuditService should create immutable audit log entry","invocations":1,"location":null,"numPassingAsserts":3,"retryReasons":[],"status":"passed","title":"should create immutable audit log entry"},{"ancestorTitles":["Portal MVP Backend API Tests","AuditService"],"duration":4,"failureDetails":[{}],"failureMessages":["TypeError: prisma.auditLog.count is not a function\n    at AuditService.query (/home/akushnir/self-hosted-runner/backend/src/audit.ts:183:25)\n    at Object.<anonymous> (/home/akushnir/self-hosted-runner/backend/tests/unit/services.spec.ts:104:41)\n    at Promise.then.completed (/home/akushnir/self-hosted-runner/backend/node_modules/jest-circus/build/utils.js:298:28)\n    at new Promise (<anonymous>)\n    at callAsyncCircusFn (/home/akushnir/self-hosted-runner/backend/node_modules/jest-circus/build/utils.js:231:10)\n    at _callCircusTest (/home/akushnir/self-hosted-runner/backend/node_modules/jest-circus/build/run.js:316:40)\n    at processTicksAndRejections (node:internal/process/task_queues:95:5)\n    at _runTest (/home/akushnir/self-hosted-runner/backend/node_modules/jest-circus/build/run.js:252:3)\n    at _runTestsForDescribeBlock (/home/akushnir/self-hosted-runner/backend/node_modules/jest-circus/build/run.js:126:9)\n    at _runTestsForDescribeBlock (/home/akushnir/self-hosted-runner/backend/node_modules/jest-circus/build/run.js:121:9)\n    at _runTestsForDescribeBlock (/home/akushnir/self-hosted-runner/backend/node_modules/jest-circus/build/run.js:121:9)\n    at run (/home/akushnir/self-hosted-runner/backend/node_modules/jest-circus/build/run.js:71:3)\n    at runAndTransformResultsToJestFormat (/home/akushnir/self-hosted-runner/backend/node_modules/jest-circus/build/legacy-code-todo-rewrite/jestAdapterInit.js:122:21)\n    at jestAdapter (/home/akushnir/self-hosted-runner/backend/node_modules/jest-circus/build/legacy-code-todo-rewrite/jestAdapter.js:79:19)\n    at runTestInternal (/home/akushnir/self-hosted-runner/backend/node_modules/jest-runner/build/runTest.js:367:16)\n    at runTest (/home/akushnir/self-hosted-runner/backend/node_modules/jest-runner/build/runTest.js:444:34)"],"fullName":"Portal MVP Backend API Tests AuditService should query audit logs with filters (idempotent)","invocations":1,"location":null,"numPassingAsserts":0,"retryReasons":[],"status":"failed","title":"should query audit logs with filters (idempotent)"},{"ancestorTitles":["Portal MVP Backend API Tests","AuditService"],"duration":1,"failureDetails":[],"failureMessages":[],"fullName":"Portal MVP Backend API Tests AuditService should verify audit trail integrity","invocations":1,"location":null,"numPassingAsserts":2,"retryReasons":[],"status":"passed","title":"should verify audit trail integrity"},{"ancestorTitles":["Portal MVP Backend API Tests","AuditService"],"duration":1,"failureDetails":[],"failureMessages":[],"fullName":"Portal MVP Backend API Tests AuditService should export audit logs to cloud","invocations":1,"location":null,"numPassingAsserts":3,"retryReasons":[],"status":"passed","title":"should export audit logs to cloud"},{"ancestorTitles":["Portal MVP Backend API Tests","ComplianceService"],"duration":0,"failureDetails":[],"failureMessages":[],"fullName":"Portal MVP Backend API Tests ComplianceService should validate credential against policies","invocations":1,"location":null,"numPassingAsserts":2,"retryReasons":[],"status":"passed","title":"should validate credential against policies"},{"ancestorTitles":["Portal MVP Backend API Tests","ComplianceService"],"duration":0,"failureDetails":[{}],"failureMessages":["Error: Failed to check rotation compliance: Cannot read properties of undefined (reading '0')\n    at ComplianceService.checkRotationCompliance (/home/akushnir/self-hosted-runner/backend/src/compliance.ts:181:13)\n    at processTicksAndRejections (node:internal/process/task_queues:95:5)\n    at Object.<anonymous> (/home/akushnir/self-hosted-runner/backend/tests/unit/services.spec.ts:159:22)"],"fullName":"Portal MVP Backend API Tests ComplianceService should check rotation compliance","invocations":1,"location":null,"numPassingAsserts":0,"retryReasons":[],"status":"failed","title":"should check rotation compliance"},{"ancestorTitles":["Portal MVP Backend API Tests","ComplianceService"],"duration":1,"failureDetails":[{}],"failureMessages":["Error: Failed to create policy: prisma.credentialPolicy.upsert is not a function\n    at ComplianceService.createPolicy (/home/akushnir/self-hosted-runner/backend/src/compliance.ts:215:13)\n    at Object.<anonymous> (/home/akushnir/self-hosted-runner/backend/tests/unit/services.spec.ts:170:46)\n    at Promise.then.completed (/home/akushnir/self-hosted-runner/backend/node_modules/jest-circus/build/utils.js:298:28)\n    at new Promise (<anonymous>)\n    at callAsyncCircusFn (/home/akushnir/self-hosted-runner/backend/node_modules/jest-circus/build/utils.js:231:10)\n    at _callCircusTest (/home/akushnir/self-hosted-runner/backend/node_modules/jest-circus/build/run.js:316:40)\n    at processTicksAndRejections (node:internal/process/task_queues:95:5)\n    at _runTest (/home/akushnir/self-hosted-runner/backend/node_modules/jest-circus/build/run.js:252:3)\n    at _runTestsForDescribeBlock (/home/akushnir/self-hosted-runner/backend/node_modules/jest-circus/build/run.js:126:9)\n    at _runTestsForDescribeBlock (/home/akushnir/self-hosted-runner/backend/node_modules/jest-circus/build/run.js:121:9)\n    at _runTestsForDescribeBlock (/home/akushnir/self-hosted-runner/backend/node_modules/jest-circus/build/run.js:121:9)\n    at run (/home/akushnir/self-hosted-runner/backend/node_modules/jest-circus/build/run.js:71:3)\n    at runAndTransformResultsToJestFormat (/home/akushnir/self-hosted-runner/backend/node_modules/jest-circus/build/legacy-code-todo-rewrite/jestAdapterInit.js:122:21)\n    at jestAdapter (/home/akushnir/self-hosted-runner/backend/node_modules/jest-circus/build/legacy-code-todo-rewrite/jestAdapter.js:79:19)\n    at runTestInternal (/home/akushnir/self-hosted-runner/backend/node_modules/jest-runner/build/runTest.js:367:16)\n    at runTest (/home/akushnir/self-hosted-runner/backend/node_modules/jest-runner/build/runTest.js:444:34)"],"fullName":"Portal MVP Backend API Tests ComplianceService should create compliance policy (idempotent)","invocations":1,"location":null,"numPassingAsserts":0,"retryReasons":[],"status":"failed","title":"should create compliance policy (idempotent)"},{"ancestorTitles":["Portal MVP Backend API Tests","ComplianceService"],"duration":0,"failureDetails":[{}],"failureMessages":["Error: Failed to get compliance status: Cannot read properties of undefined (reading 'findMany')\n    at ComplianceService.getComplianceStatus (/home/akushnir/self-hosted-runner/backend/src/compliance.ts:297:13)\n    at Object.<anonymous> (/home/akushnir/self-hosted-runner/backend/tests/unit/services.spec.ts:204:46)\n    at Promise.then.completed (/home/akushnir/self-hosted-runner/backend/node_modules/jest-circus/build/utils.js:298:28)\n    at new Promise (<anonymous>)\n    at callAsyncCircusFn (/home/akushnir/self-hosted-runner/backend/node_modules/jest-circus/build/utils.js:231:10)\n    at _callCircusTest (/home/akushnir/self-hosted-runner/backend/node_modules/jest-circus/build/run.js:316:40)\n    at processTicksAndRejections (node:internal/process/task_queues:95:5)\n    at _runTest (/home/akushnir/self-hosted-runner/backend/node_modules/jest-circus/build/run.js:252:3)\n    at _runTestsForDescribeBlock (/home/akushnir/self-hosted-runner/backend/node_modules/jest-circus/build/run.js:126:9)\n    at _runTestsForDescribeBlock (/home/akushnir/self-hosted-runner/backend/node_modules/jest-circus/build/run.js:121:9)\n    at _runTestsForDescribeBlock (/home/akushnir/self-hosted-runner/backend/node_modules/jest-circus/build/run.js:121:9)\n    at run (/home/akushnir/self-hosted-runner/backend/node_modules/jest-circus/build/run.js:71:3)\n    at runAndTransformResultsToJestFormat (/home/akushnir/self-hosted-runner/backend/node_modules/jest-circus/build/legacy-code-todo-rewrite/jestAdapterInit.js:122:21)\n    at jestAdapter (/home/akushnir/self-hosted-runner/backend/node_modules/jest-circus/build/legacy-code-todo-rewrite/jestAdapter.js:79:19)\n    at runTestInternal (/home/akushnir/self-hosted-runner/backend/node_modules/jest-runner/build/runTest.js:367:16)\n    at runTest (/home/akushnir/self-hosted-runner/backend/node_modules/jest-runner/build/runTest.js:444:34)"],"fullName":"Portal MVP Backend API Tests ComplianceService should get compliance status","invocations":1,"location":null,"numPassingAsserts":0,"retryReasons":[],"status":"failed","title":"should get compliance status"},{"ancestorTitles":["Portal MVP Backend API Tests","MetricsService"],"duration":1,"failureDetails":[],"failureMessages":[],"fullName":"Portal MVP Backend API Tests MetricsService should record HTTP request metrics (idempotent)","invocations":1,"location":null,"numPassingAsserts":2,"retryReasons":[],"status":"passed","title":"should record HTTP request metrics (idempotent)"},{"ancestorTitles":["Portal MVP Backend API Tests","MetricsService"],"duration":1,"failureDetails":[],"failureMessages":[],"fullName":"Portal MVP Backend API Tests MetricsService should generate Prometheus metrics","invocations":1,"location":null,"numPassingAsserts":6,"retryReasons":[],"status":"passed","title":"should generate Prometheus metrics"},{"ancestorTitles":["Portal MVP Backend API Tests","MetricsService"],"duration":0,"failureDetails":[{}],"failureMessages":["ReferenceError: jasmine is not defined\n    at Object.<anonymous> (/home/akushnir/self-hosted-runner/backend/tests/unit/services.spec.ts:250:37)\n    at processTicksAndRejections (node:internal/process/task_queues:95:5)"],"fullName":"Portal MVP Backend API Tests MetricsService should get health status","invocations":1,"location":null,"numPassingAsserts":1,"retryReasons":[],"status":"failed","title":"should get health status"},{"ancestorTitles":["Portal MVP Backend API Tests","MetricsService"],"duration":10,"failureDetails":[{}],"failureMessages":["ReferenceError: jasmine is not defined\n    at Object.<anonymous> (/home/akushnir/self-hosted-runner/backend/tests/unit/services.spec.ts:261:31)\n    at processTicksAndRejections (node:internal/process/task_queues:95:5)"],"fullName":"Portal MVP Backend API Tests MetricsService should save metrics snapshot","invocations":1,"location":null,"numPassingAsserts":0,"retryReasons":[],"status":"failed","title":"should save metrics snapshot"},{"ancestorTitles":["Portal MVP Backend API Tests","Integration Tests"],"duration":13,"failureDetails":[{}],"failureMessages":["Error: Credential 'integration-test-secret' not found in any layer (GSM, Vault, KMS, Cache)\n    at CredentialService.resolveCredential (/home/akushnir/self-hosted-runner/backend/src/credentials.ts:202:13)\n    at processTicksAndRejections (node:internal/process/task_queues:95:5)\n    at Object.<anonymous> (/home/akushnir/self-hosted-runner/backend/tests/unit/services.spec.ts:276:24)"],"fullName":"Portal MVP Backend API Tests Integration Tests should execute complete credential lifecycle","invocations":1,"location":null,"numPassingAsserts":0,"retryReasons":[],"status":"failed","title":"should execute complete credential lifecycle"}],"endTime":1773326521552,"message":"\u001b[1m\u001b[31m  \u001b[1m● \u001b[22m\u001b[1mPortal MVP Backend API Tests › CredentialService › should resolve credential from 4-layer cascade\u001b[39m\u001b[22m\n\n    Credential 'test-db-password' not found in any layer (GSM, Vault, KMS, Cache)\n\u001b[2m\u001b[22m\n\u001b[2m    \u001b[0m \u001b[90m 200 |\u001b[39m       )\u001b[33m;\u001b[39m\u001b[22m\n\u001b[2m     \u001b[90m 201 |\u001b[39m\u001b[22m\n\u001b[2m    \u001b[31m\u001b[1m>\u001b[22m\u001b[2m\u001b[39m\u001b[90m 202 |\u001b[39m       \u001b[36mthrow\u001b[39m \u001b[36mnew\u001b[39m \u001b[33mError\u001b[39m(\u001b[22m\n\u001b[2m     \u001b[90m     |\u001b[39m             \u001b[31m\u001b[1m^\u001b[22m\u001b[2m\u001b[39m\u001b[22m\n\u001b[2m     \u001b[90m 203 |\u001b[39m         \u001b[32m`Credential '${credentialName}' not found in any layer (GSM, Vault, KMS, Cache)`\u001b[39m\u001b[22m\n\u001b[2m     \u001b[90m 204 |\u001b[39m       )\u001b[33m;\u001b[39m\u001b[22m\n\u001b[2m     \u001b[90m 205 |\u001b[39m     } \u001b[36mcatch\u001b[39m (error\u001b[33m:\u001b[39m any) {\u001b[0m\u001b[22m\n\u001b[2m\u001b[22m\n\u001b[2m      \u001b[2mat CredentialService.resolveCredential (\u001b[22m\u001b[2msrc/credentials.ts\u001b[2m:202:13)\u001b[22m\u001b[2m\u001b[22m\n\u001b[2m      \u001b[2mat Object.<anonymous> (\u001b[22m\u001b[2m\u001b[0m\u001b[36mtests/unit/services.spec.ts\u001b[39m\u001b[0m\u001b[2m:26:26)\u001b[22m\u001b[2m\u001b[22m\n\n\u001b[1m\u001b[31m  \u001b[1m● \u001b[22m\u001b[1mPortal MVP Backend API Tests › CredentialService › should handle credential resolution (idempotent)\u001b[39m\u001b[22m\n\n    Credential 'test-api-key' not found in any layer (GSM, Vault, KMS, Cache)\n\u001b[2m\u001b[22m\n\u001b[2m    \u001b[0m \u001b[90m 200 |\u001b[39m       )\u001b[33m;\u001b[39m\u001b[22m\n\u001b[2m     \u001b[90m 201 |\u001b[39m\u001b[22m\n\u001b[2m    \u001b[31m\u001b[1m>\u001b[22m\u001b[2m\u001b[39m\u001b[90m 202 |\u001b[39m       \u001b[36mthrow\u001b[39m \u001b[36mnew\u001b[39m \u001b[33mError\u001b[39m(\u001b[22m\n\u001b[2m     \u001b[90m     |\u001b[39m             \u001b[31m\u001b[1m^\u001b[22m\u001b[2m\u001b[39m\u001b[22m\n\u001b[2m     \u001b[90m 203 |\u001b[39m         \u001b[32m`Credential '${credentialName}' not found in any layer (GSM, Vault, KMS, Cache)`\u001b[39m\u001b[22m\n\u001b[2m     \u001b[90m 204 |\u001b[39m       )\u001b[33m;\u001b[39m\u001b[22m\n\u001b[2m     \u001b[90m 205 |\u001b[39m     } \u001b[36mcatch\u001b[39m (error\u001b[33m:\u001b[39m any) {\u001b[0m\u001b[22m\n\u001b[2m\u001b[22m\n\u001b[2m      \u001b[2mat CredentialService.resolveCredential (\u001b[22m\u001b[2msrc/credentials.ts\u001b[2m:202:13)\u001b[22m\u001b[2m\u001b[22m\n\u001b[2m      \u001b[2mat Object.<anonymous> (\u001b[22m\u001b[2m\u001b[0m\u001b[36mtests/unit/services.spec.ts\u001b[39m\u001b[0m\u001b[2m:34:21)\u001b[22m\u001b[2m\u001b[22m\n\n\u001b[1m\u001b[31m  \u001b[1m● \u001b[22m\u001b[1mPortal MVP Backend API Tests › CredentialService › should rotate credential and track history (immutable)\u001b[39m\u001b[22m\n\n    TypeError: The \"data\" argument must be of type string or an instance of Buffer, TypedArray, or DataView. Received undefined\n\u001b[2m\u001b[22m\n\u001b[2m    \u001b[0m \u001b[90m 279 |\u001b[39m       \u001b[36mconst\u001b[39m oldValueHash \u001b[33m=\u001b[39m crypto\u001b[22m\n\u001b[2m     \u001b[90m 280 |\u001b[39m         \u001b[33m.\u001b[39mcreateHash(\u001b[32m'sha256'\u001b[39m)\u001b[22m\n\u001b[2m    \u001b[31m\u001b[1m>\u001b[22m\u001b[2m\u001b[39m\u001b[90m 281 |\u001b[39m         \u001b[33m.\u001b[39mupdate(existing\u001b[33m.\u001b[39mvalue)\u001b[22m\n\u001b[2m     \u001b[90m     |\u001b[39m          \u001b[31m\u001b[1m^\u001b[22m\u001b[2m\u001b[39m\u001b[22m\n\u001b[2m     \u001b[90m 282 |\u001b[39m         \u001b[33m.\u001b[39mdigest(\u001b[32m'hex'\u001b[39m)\u001b[33m;\u001b[39m\u001b[22m\n\u001b[2m     \u001b[90m 283 |\u001b[39m       \u001b[36mconst\u001b[39m newValueHash \u001b[33m=\u001b[39m crypto\u001b[22m\n\u001b[2m     \u001b[90m 284 |\u001b[39m         \u001b[33m.\u001b[39mcreateHash(\u001b[32m'sha256'\u001b[39m)\u001b[0m\u001b[22m\n\u001b[2m\u001b[22m\n\u001b[2m      \u001b[2mat CredentialService.rotateCredential (\u001b[22m\u001b[2msrc/credentials.ts\u001b[2m:281:10)\u001b[22m\u001b[2m\u001b[22m\n\u001b[2m      \u001b[2mat Object.<anonymous> (\u001b[22m\u001b[2m\u001b[0m\u001b[36mtests/unit/services.spec.ts\u001b[39m\u001b[0m\u001b[2m:41:24)\u001b[22m\u001b[2m\u001b[22m\n\n\u001b[1m\u001b[31m  \u001b[1m● \u001b[22m\u001b[1mPortal MVP Backend API Tests › CredentialService › should schedule credential rotation (idempotent)\u001b[39m\u001b[22m\n\n    Failed to schedule rotation: Cannot read properties of undefined (reading 'upsert')\n\u001b[2m\u001b[22m\n\u001b[2m    \u001b[0m \u001b[90m 371 |\u001b[39m       }\u001b[33m;\u001b[39m\u001b[22m\n\u001b[2m     \u001b[90m 372 |\u001b[39m     } \u001b[36mcatch\u001b[39m (error\u001b[33m:\u001b[39m any) {\u001b[22m\n\u001b[2m    \u001b[31m\u001b[1m>\u001b[22m\u001b[2m\u001b[39m\u001b[90m 373 |\u001b[39m       \u001b[36mthrow\u001b[39m \u001b[36mnew\u001b[39m \u001b[33mError\u001b[39m(\u001b[32m`Failed to schedule rotation: ${error.message}`\u001b[39m)\u001b[33m;\u001b[39m\u001b[22m\n\u001b[2m     \u001b[90m     |\u001b[39m             \u001b[31m\u001b[1m^\u001b[22m\u001b[2m\u001b[39m\u001b[22m\n\u001b[2m     \u001b[90m 374 |\u001b[39m     }\u001b[22m\n\u001b[2m     \u001b[90m 375 |\u001b[39m   }\u001b[22m\n\u001b[2m     \u001b[90m 376 |\u001b[39m\u001b[0m\u001b[22m\n\u001b[2m\u001b[22m\n\u001b[2m      \u001b[2mat CredentialService.scheduleRotation (\u001b[22m\u001b[2msrc/credentials.ts\u001b[2m:373:13)\u001b[22m\u001b[2m\u001b[22m\n\u001b[2m      \u001b[2mat Object.<anonymous> (\u001b[22m\u001b[2m\u001b[0m\u001b[36mtests/unit/services.spec.ts\u001b[39m\u001b[0m\u001b[2m:57:49)\u001b[22m\u001b[2m\u001b[22m\n\n\u001b[1m\u001b[31m  \u001b[1m● \u001b[22m\u001b[1mPortal MVP Backend API Tests › AuditService › should query audit logs with filters (idempotent)\u001b[39m\u001b[22m\n\n    TypeError: prisma.auditLog.count is not a function\n\u001b[2m\u001b[22m\n\u001b[2m    \u001b[0m \u001b[90m 181 |\u001b[39m           skip\u001b[33m:\u001b[39m offset\u001b[33m,\u001b[39m\u001b[22m\n\u001b[2m     \u001b[90m 182 |\u001b[39m         })\u001b[33m,\u001b[39m\u001b[22m\n\u001b[2m    \u001b[31m\u001b[1m>\u001b[22m\u001b[2m\u001b[39m\u001b[90m 183 |\u001b[39m         prisma\u001b[33m.\u001b[39mauditLog\u001b[33m.\u001b[39mcount({ where })\u001b[33m,\u001b[39m\u001b[22m\n\u001b[2m     \u001b[90m     |\u001b[39m                         \u001b[31m\u001b[1m^\u001b[22m\u001b[2m\u001b[39m\u001b[22m\n\u001b[2m     \u001b[90m 184 |\u001b[39m       ])\u001b[33m;\u001b[39m\u001b[22m\n\u001b[2m     \u001b[90m 185 |\u001b[39m\u001b[22m\n\u001b[2m     \u001b[90m 186 |\u001b[39m       \u001b[36mreturn\u001b[39m {\u001b[0m\u001b[22m\n\u001b[2m\u001b[22m\n\u001b[2m      \u001b[2mat AuditService.query (\u001b[22m\u001b[2msrc/audit.ts\u001b[2m:183:25)\u001b[22m\u001b[2m\u001b[22m\n\u001b[2m      \u001b[2mat Object.<anonymous> (\u001b[22m\u001b[2m\u001b[0m\u001b[36mtests/unit/services.spec.ts\u001b[39m\u001b[0m\u001b[2m:104:41)\u001b[22m\u001b[2m\u001b[22m\n\n\u001b[1m\u001b[31m  \u001b[1m● \u001b[22m\u001b[1mPortal MVP Backend API Tests › ComplianceService › should check rotation compliance\u001b[39m\u001b[22m\n\n    Failed to check rotation compliance: Cannot read properties of undefined (reading '0')\n\u001b[2m\u001b[22m\n\u001b[2m    \u001b[0m \u001b[90m 179 |\u001b[39m       }\u001b[33m;\u001b[39m\u001b[22m\n\u001b[2m     \u001b[90m 180 |\u001b[39m     } \u001b[36mcatch\u001b[39m (error\u001b[33m:\u001b[39m any) {\u001b[22m\n\u001b[2m    \u001b[31m\u001b[1m>\u001b[22m\u001b[2m\u001b[39m\u001b[90m 181 |\u001b[39m       \u001b[36mthrow\u001b[39m \u001b[36mnew\u001b[39m \u001b[33mError\u001b[39m(\u001b[32m`Failed to check rotation compliance: ${error.message}`\u001b[39m)\u001b[33m;\u001b[39m\u001b[22m\n\u001b[2m     \u001b[90m     |\u001b[39m             \u001b[31m\u001b[1m^\u001b[22m\u001b[2m\u001b[39m\u001b[22m\n\u001b[2m     \u001b[90m 182 |\u001b[39m     }\u001b[22m\n\u001b[2m     \u001b[90m 183 |\u001b[39m   }\u001b[22m\n\u001b[2m     \u001b[90m 184 |\u001b[39m\u001b[0m\u001b[22m\n\u001b[2m\u001b[22m\n\u001b[2m      \u001b[2mat ComplianceService.checkRotationCompliance (\u001b[22m\u001b[2msrc/compliance.ts\u001b[2m:181:13)\u001b[22m\u001b[2m\u001b[22m\n\u001b[2m      \u001b[2mat Object.<anonymous> (\u001b[22m\u001b[2m\u001b[0m\u001b[36mtests/unit/services.spec.ts\u001b[39m\u001b[0m\u001b[2m:159:22)\u001b[22m\u001b[2m\u001b[22m\n\n\u001b[1m\u001b[31m  \u001b[1m● \u001b[22m\u001b[1mPortal MVP Backend API Tests › ComplianceService › should create compliance policy (idempotent)\u001b[39m\u001b[22m\n\n    Failed to create policy: prisma.credentialPolicy.upsert is not a function\n\u001b[2m\u001b[22m\n\u001b[2m    \u001b[0m \u001b[90m 213 |\u001b[39m       }\u001b[33m;\u001b[39m\u001b[22m\n\u001b[2m     \u001b[90m 214 |\u001b[39m     } \u001b[36mcatch\u001b[39m (error\u001b[33m:\u001b[39m any) {\u001b[22m\n\u001b[2m    \u001b[31m\u001b[1m>\u001b[22m\u001b[2m\u001b[39m\u001b[90m 215 |\u001b[39m       \u001b[36mthrow\u001b[39m \u001b[36mnew\u001b[39m \u001b[33mError\u001b[39m(\u001b[32m`Failed to create policy: ${error.message}`\u001b[39m)\u001b[33m;\u001b[39m\u001b[22m\n\u001b[2m     \u001b[90m     |\u001b[39m             \u001b[31m\u001b[1m^\u001b[22m\u001b[2m\u001b[39m\u001b[22m\n\u001b[2m     \u001b[90m 216 |\u001b[39m     }\u001b[22m\n\u001b[2m     \u001b[90m 217 |\u001b[39m   }\u001b[22m\n\u001b[2m     \u001b[90m 218 |\u001b[39m\u001b[0m\u001b[22m\n\u001b[2m\u001b[22m\n\u001b[2m      \u001b[2mat ComplianceService.createPolicy (\u001b[22m\u001b[2msrc/compliance.ts\u001b[2m:215:13)\u001b[22m\u001b[2m\u001b[22m\n\u001b[2m      \u001b[2mat Object.<anonymous> (\u001b[22m\u001b[2m\u001b[0m\u001b[36mtests/unit/services.spec.ts\u001b[39m\u001b[0m\u001b[2m:170:46)\u001b[22m\u001b[2m\u001b[22m\n\n\u001b[1m\u001b[31m  \u001b[1m● \u001b[22m\u001b[1mPortal MVP Backend API Tests › ComplianceService › should get compliance status\u001b[39m\u001b[22m\n\n    Failed to get compliance status: Cannot read properties of undefined (reading 'findMany')\n\u001b[2m\u001b[22m\n\u001b[2m    \u001b[0m \u001b[90m 295 |\u001b[39m       }\u001b[33m;\u001b[39m\u001b[22m\n\u001b[2m     \u001b[90m 296 |\u001b[39m     } \u001b[36mcatch\u001b[39m (error\u001b[33m:\u001b[39m any) {\u001b[22m\n\u001b[2m    \u001b[31m\u001b[1m>\u001b[22m\u001b[2m\u001b[39m\u001b[90m 297 |\u001b[39m       \u001b[36mthrow\u001b[39m \u001b[36mnew\u001b[39m \u001b[33mError\u001b[39m(\u001b[32m`Failed to get compliance status: ${error.message}`\u001b[39m)\u001b[33m;\u001b[39m\u001b[22m\n\u001b[2m     \u001b[90m     |\u001b[39m             \u001b[31m\u001b[1m^\u001b[22m\u001b[2m\u001b[39m\u001b[22m\n\u001b[2m     \u001b[90m 298 |\u001b[39m     }\u001b[22m\n\u001b[2m     \u001b[90m 299 |\u001b[39m   }\u001b[22m\n\u001b[2m     \u001b[90m 300 |\u001b[39m\u001b[0m\u001b[22m\n\u001b[2m\u001b[22m\n\u001b[2m      \u001b[2mat ComplianceService.getComplianceStatus (\u001b[22m\u001b[2msrc/compliance.ts\u001b[2m:297:13)\u001b[22m\u001b[2m\u001b[22m\n\u001b[2m      \u001b[2mat Object.<anonymous> (\u001b[22m\u001b[2m\u001b[0m\u001b[36mtests/unit/services.spec.ts\u001b[39m\u001b[0m\u001b[2m:204:46)\u001b[22m\u001b[2m\u001b[22m\n\n\u001b[1m\u001b[31m  \u001b[1m● \u001b[22m\u001b[1mPortal MVP Backend API Tests › MetricsService › should get health status\u001b[39m\u001b[22m\n\n    ReferenceError: jasmine is not defined\n\u001b[2m\u001b[22m\n\u001b[2m    \u001b[0m \u001b[90m 248 |\u001b[39m\u001b[22m\n\u001b[2m     \u001b[90m 249 |\u001b[39m       expect(health\u001b[33m.\u001b[39mstatus)\u001b[33m.\u001b[39mtoMatch(\u001b[35m/healthy|degraded|unhealthy/\u001b[39m)\u001b[33m;\u001b[39m\u001b[22m\n\u001b[2m    \u001b[31m\u001b[1m>\u001b[22m\u001b[2m\u001b[39m\u001b[90m 250 |\u001b[39m       expect(health\u001b[33m.\u001b[39muptime)\u001b[33m.\u001b[39mtoEqual(jasmine\u001b[33m.\u001b[39many(\u001b[33mNumber\u001b[39m))\u001b[33m;\u001b[39m\u001b[22m\n\u001b[2m     \u001b[90m     |\u001b[39m                                     \u001b[31m\u001b[1m^\u001b[22m\u001b[2m\u001b[39m\u001b[22m\n\u001b[2m     \u001b[90m 251 |\u001b[39m       expect(health\u001b[33m.\u001b[39mchecks\u001b[33m.\u001b[39mdatabase)\u001b[33m.\u001b[39mtoMatch(\u001b[35m/ok|error/\u001b[39m)\u001b[33m;\u001b[39m\u001b[22m\n\u001b[2m     \u001b[90m 252 |\u001b[39m       expect(health\u001b[33m.\u001b[39mchecks\u001b[33m.\u001b[39mapi)\u001b[33m.\u001b[39mtoMatch(\u001b[35m/ok|error/\u001b[39m)\u001b[33m;\u001b[39m\u001b[22m\n\u001b[2m     \u001b[90m 253 |\u001b[39m       expect(health\u001b[33m.\u001b[39mchecks\u001b[33m.\u001b[39mmemory)\u001b[33m.\u001b[39mtoMatch(\u001b[35m/ok|warning|error/\u001b[39m)\u001b[33m;\u001b[39m\u001b[0m\u001b[22m\n\u001b[2m\u001b[22m\n\u001b[2m      \u001b[2mat Object.<anonymous> (\u001b[22m\u001b[2m\u001b[0m\u001b[36mtests/unit/services.spec.ts\u001b[39m\u001b[0m\u001b[2m:250:37)\u001b[22m\u001b[2m\u001b[22m\n\n\u001b[1m\u001b[31m  \u001b[1m● \u001b[22m\u001b[1mPortal MVP Backend API Tests › MetricsService › should save metrics snapshot\u001b[39m\u001b[22m\n\n    ReferenceError: jasmine is not defined\n\u001b[2m\u001b[22m\n\u001b[2m    \u001b[0m \u001b[90m 259 |\u001b[39m\u001b[22m\n\u001b[2m     \u001b[90m 260 |\u001b[39m       \u001b[36mconst\u001b[39m history \u001b[33m=\u001b[39m \u001b[36mawait\u001b[39m metricsService\u001b[33m.\u001b[39mgetHistory(\u001b[35m1\u001b[39m)\u001b[33m;\u001b[39m\u001b[22m\n\u001b[2m    \u001b[31m\u001b[1m>\u001b[22m\u001b[2m\u001b[39m\u001b[90m 261 |\u001b[39m       expect(history)\u001b[33m.\u001b[39mtoEqual(jasmine\u001b[33m.\u001b[39many(\u001b[33mArray\u001b[39m))\u001b[33m;\u001b[39m\u001b[22m\n\u001b[2m     \u001b[90m     |\u001b[39m                               \u001b[31m\u001b[1m^\u001b[22m\u001b[2m\u001b[39m\u001b[22m\n\u001b[2m     \u001b[90m 262 |\u001b[39m     })\u001b[33m;\u001b[39m\u001b[22m\n\u001b[2m     \u001b[90m 263 |\u001b[39m   })\u001b[33m;\u001b[39m\u001b[22m\n\u001b[2m     \u001b[90m 264 |\u001b[39m\u001b[0m\u001b[22m\n\u001b[2m\u001b[22m\n\u001b[2m      \u001b[2mat Object.<anonymous> (\u001b[22m\u001b[2m\u001b[0m\u001b[36mtests/unit/services.spec.ts\u001b[39m\u001b[0m\u001b[2m:261:31)\u001b[22m\u001b[2m\u001b[22m\n\n\u001b[1m\u001b[31m  \u001b[1m● \u001b[22m\u001b[1mPortal MVP Backend API Tests › Integration Tests › should execute complete credential lifecycle\u001b[39m\u001b[22m\n\n    Credential 'integration-test-secret' not found in any layer (GSM, Vault, KMS, Cache)\n\u001b[2m\u001b[22m\n\u001b[2m    \u001b[0m \u001b[90m 200 |\u001b[39m       )\u001b[33m;\u001b[39m\u001b[22m\n\u001b[2m     \u001b[90m 201 |\u001b[39m\u001b[22m\n\u001b[2m    \u001b[31m\u001b[1m>\u001b[22m\u001b[2m\u001b[39m\u001b[90m 202 |\u001b[39m       \u001b[36mthrow\u001b[39m \u001b[36mnew\u001b[39m \u001b[33mError\u001b[39m(\u001b[22m\n\u001b[2m     \u001b[90m     |\u001b[39m             \u001b[31m\u001b[1m^\u001b[22m\u001b[2m\u001b[39m\u001b[22m\n\u001b[2m     \u001b[90m 203 |\u001b[39m         \u001b[32m`Credential '${credentialName}' not found in any layer (GSM, Vault, KMS, Cache)`\u001b[39m\u001b[22m\n\u001b[2m     \u001b[90m 204 |\u001b[39m       )\u001b[33m;\u001b[39m\u001b[22m\n\u001b[2m     \u001b[90m 205 |\u001b[39m     } \u001b[36mcatch\u001b[39m (error\u001b[33m:\u001b[39m any) {\u001b[0m\u001b[22m\n\u001b[2m\u001b[22m\n\u001b[2m      \u001b[2mat CredentialService.resolveCredential (\u001b[22m\u001b[2msrc/credentials.ts\u001b[2m:202:13)\u001b[22m\u001b[2m\u001b[22m\n\u001b[2m      \u001b[2mat Object.<anonymous> (\u001b[22m\u001b[2m\u001b[0m\u001b[36mtests/unit/services.spec.ts\u001b[39m\u001b[0m\u001b[2m:276:24)\u001b[22m\u001b[2m\u001b[22m\n","name":"/home/akushnir/self-hosted-runner/backend/tests/unit/services.spec.ts","startTime":1773326520820,"status":"failed","summary":""},{"assertionResults":[{"ancestorTitles":["Metrics Service","Request Recording"],"duration":1,"failureDetails":[],"failureMessages":[],"fullName":"Metrics Service Request Recording should record HTTP request metrics","invocations":1,"location":null,"numPassingAsserts":2,"retryReasons":[],"status":"passed","title":"should record HTTP request metrics"},{"ancestorTitles":["Metrics Service","Request Recording"],"duration":0,"failureDetails":[],"failureMessages":[],"fullName":"Metrics Service Request Recording should count total requests","invocations":1,"location":null,"numPassingAsserts":1,"retryReasons":[],"status":"passed","title":"should count total requests"},{"ancestorTitles":["Metrics Service","Request Recording"],"duration":0,"failureDetails":[],"failureMessages":[],"fullName":"Metrics Service Request Recording should track successful requests (status < 400)","invocations":1,"location":null,"numPassingAsserts":1,"retryReasons":[],"status":"passed","title":"should track successful requests (status < 400)"},{"ancestorTitles":["Metrics Service","Request Recording"],"duration":0,"failureDetails":[],"failureMessages":[],"fullName":"Metrics Service Request Recording should track failed requests (status >= 400)","invocations":1,"location":null,"numPassingAsserts":1,"retryReasons":[],"status":"passed","title":"should track failed requests (status >= 400)"},{"ancestorTitles":["Metrics Service","Request Recording"],"duration":1,"failureDetails":[],"failureMessages":[],"fullName":"Metrics Service Request Recording should track request latencies","invocations":1,"location":null,"numPassingAsserts":1,"retryReasons":[],"status":"passed","title":"should track request latencies"},{"ancestorTitles":["Metrics Service","Latency Tracking"],"duration":0,"failureDetails":[],"failureMessages":[],"fullName":"Metrics Service Latency Tracking should calculate average latency","invocations":1,"location":null,"numPassingAsserts":1,"retryReasons":[],"status":"passed","title":"should calculate average latency"},{"ancestorTitles":["Metrics Service","Latency Tracking"],"duration":1,"failureDetails":[],"failureMessages":[],"fullName":"Metrics Service Latency Tracking should calculate latency percentiles","invocations":1,"location":null,"numPassingAsserts":3,"retryReasons":[],"status":"passed","title":"should calculate latency percentiles"},{"ancestorTitles":["Metrics Service","Latency Tracking"],"duration":2,"failureDetails":[],"failureMessages":[],"fullName":"Metrics Service Latency Tracking should keep last 1000 latencies (circular buffer)","invocations":1,"location":null,"numPassingAsserts":2,"retryReasons":[],"status":"passed","title":"should keep last 1000 latencies (circular buffer)"},{"ancestorTitles":["Metrics Service","Prometheus Metrics Format"],"duration":1,"failureDetails":[],"failureMessages":[],"fullName":"Metrics Service Prometheus Metrics Format should generate valid Prometheus format output","invocations":1,"location":null,"numPassingAsserts":3,"retryReasons":[],"status":"passed","title":"should generate valid Prometheus format output"},{"ancestorTitles":["Metrics Service","Prometheus Metrics Format"],"duration":0,"failureDetails":[],"failureMessages":[],"fullName":"Metrics Service Prometheus Metrics Format should include request counter metrics","invocations":1,"location":null,"numPassingAsserts":3,"retryReasons":[],"status":"passed","title":"should include request counter metrics"},{"ancestorTitles":["Metrics Service","Prometheus Metrics Format"],"duration":0,"failureDetails":[],"failureMessages":[],"fullName":"Metrics Service Prometheus Metrics Format should include latency gauge metrics","invocations":1,"location":null,"numPassingAsserts":3,"retryReasons":[],"status":"passed","title":"should include latency gauge metrics"},{"ancestorTitles":["Metrics Service","Prometheus Metrics Format"],"duration":1,"failureDetails":[],"failureMessages":[],"fullName":"Metrics Service Prometheus Metrics Format should include memory metrics","invocations":1,"location":null,"numPassingAsserts":4,"retryReasons":[],"status":"passed","title":"should include memory metrics"},{"ancestorTitles":["Metrics Service","Prometheus Metrics Format"],"duration":0,"failureDetails":[],"failureMessages":[],"fullName":"Metrics Service Prometheus Metrics Format should include uptime metric","invocations":1,"location":null,"numPassingAsserts":1,"retryReasons":[],"status":"passed","title":"should include uptime metric"},{"ancestorTitles":["Metrics Service","Status Code Distribution"],"duration":1,"failureDetails":[],"failureMessages":[],"fullName":"Metrics Service Status Code Distribution should track 2xx success responses","invocations":1,"location":null,"numPassingAsserts":1,"retryReasons":[],"status":"passed","title":"should track 2xx success responses"},{"ancestorTitles":["Metrics Service","Status Code Distribution"],"duration":0,"failureDetails":[],"failureMessages":[],"fullName":"Metrics Service Status Code Distribution should track 4xx client error responses","invocations":1,"location":null,"numPassingAsserts":1,"retryReasons":[],"status":"passed","title":"should track 4xx client error responses"},{"ancestorTitles":["Metrics Service","Status Code Distribution"],"duration":1,"failureDetails":[],"failureMessages":[],"fullName":"Metrics Service Status Code Distribution should track 5xx server error responses","invocations":1,"location":null,"numPassingAsserts":1,"retryReasons":[],"status":"passed","title":"should track 5xx server error responses"},{"ancestorTitles":["Metrics Service","Idempotent Metrics"],"duration":0,"failureDetails":[],"failureMessages":[],"fullName":"Metrics Service Idempotent Metrics should produce consistent metrics for same input","invocations":1,"location":null,"numPassingAsserts":3,"retryReasons":[],"status":"passed","title":"should produce consistent metrics for same input"},{"ancestorTitles":["Metrics Service","Memory Reporting"],"duration":1,"failureDetails":[],"failureMessages":[],"fullName":"Metrics Service Memory Reporting should report heap memory usage","invocations":1,"location":null,"numPassingAsserts":2,"retryReasons":[],"status":"passed","title":"should report heap memory usage"},{"ancestorTitles":["Metrics Service","Memory Reporting"],"duration":0,"failureDetails":[],"failureMessages":[],"fullName":"Metrics Service Memory Reporting should report RSS memory usage","invocations":1,"location":null,"numPassingAsserts":1,"retryReasons":[],"status":"passed","title":"should report RSS memory usage"},{"ancestorTitles":["Metrics Service","Memory Reporting"],"duration":1,"failureDetails":[],"failureMessages":[],"fullName":"Metrics Service Memory Reporting should report memory in bytes","invocations":1,"location":null,"numPassingAsserts":1,"retryReasons":[],"status":"passed","title":"should report memory in bytes"},{"ancestorTitles":["Metrics Service","Uptime Tracking"],"duration":0,"failureDetails":[],"failureMessages":[],"fullName":"Metrics Service Uptime Tracking should track service uptime","invocations":1,"location":null,"numPassingAsserts":2,"retryReasons":[],"status":"passed","title":"should track service uptime"},{"ancestorTitles":["Metrics Service","Uptime Tracking"],"duration":0,"failureDetails":[],"failureMessages":[],"fullName":"Metrics Service Uptime Tracking should report uptime in seconds","invocations":1,"location":null,"numPassingAsserts":1,"retryReasons":[],"status":"passed","title":"should report uptime in seconds"},{"ancestorTitles":["Metrics Service","HTTP Method Tracking"],"duration":0,"failureDetails":[],"failureMessages":[],"fullName":"Metrics Service HTTP Method Tracking should track GET requests","invocations":1,"location":null,"numPassingAsserts":1,"retryReasons":[],"status":"passed","title":"should track GET requests"},{"ancestorTitles":["Metrics Service","HTTP Method Tracking"],"duration":0,"failureDetails":[],"failureMessages":[],"fullName":"Metrics Service HTTP Method Tracking should track POST requests","invocations":1,"location":null,"numPassingAsserts":1,"retryReasons":[],"status":"passed","title":"should track POST requests"},{"ancestorTitles":["Metrics Service","HTTP Method Tracking"],"duration":1,"failureDetails":[],"failureMessages":[],"fullName":"Metrics Service HTTP Method Tracking should track PUT requests","invocations":1,"location":null,"numPassingAsserts":1,"retryReasons":[],"status":"passed","title":"should track PUT requests"},{"ancestorTitles":["Metrics Service","HTTP Method Tracking"],"duration":0,"failureDetails":[],"failureMessages":[],"fullName":"Metrics Service HTTP Method Tracking should track DELETE requests","invocations":1,"location":null,"numPassingAsserts":1,"retryReasons":[],"status":"passed","title":"should track DELETE requests"},{"ancestorTitles":["Metrics Service","Path Tracking"],"duration":1,"failureDetails":[],"failureMessages":[],"fullName":"Metrics Service Path Tracking should accept various API paths","invocations":1,"location":null,"numPassingAsserts":1,"retryReasons":[],"status":"passed","title":"should accept various API paths"},{"ancestorTitles":["Metrics Service","Percentile Calculations"],"duration":0,"failureDetails":[],"failureMessages":[],"fullName":"Metrics Service Percentile Calculations should calculate p50 percentile (median)","invocations":1,"location":null,"numPassingAsserts":1,"retryReasons":[],"status":"passed","title":"should calculate p50 percentile (median)"},{"ancestorTitles":["Metrics Service","Percentile Calculations"],"duration":0,"failureDetails":[],"failureMessages":[],"fullName":"Metrics Service Percentile Calculations should calculate p95 percentile","invocations":1,"location":null,"numPassingAsserts":1,"retryReasons":[],"status":"passed","title":"should calculate p95 percentile"},{"ancestorTitles":["Metrics Service","Percentile Calculations"],"duration":0,"failureDetails":[],"failureMessages":[],"fullName":"Metrics Service Percentile Calculations should calculate p99 percentile","invocations":1,"location":null,"numPassingAsserts":1,"retryReasons":[],"status":"passed","title":"should calculate p99 percentile"}],"endTime":1773326521609,"message":"","name":"/home/akushnir/self-hosted-runner/backend/tests/unit/services/metrics.test.ts","startTime":1773326521555,"status":"passed","summary":""},{"assertionResults":[{"ancestorTitles":["API Integration Tests","GET /health"],"duration":38,"failureDetails":[],"failureMessages":[],"fullName":"API Integration Tests GET /health should return 200 OK with health status","invocations":1,"location":null,"numPassingAsserts":3,"retryReasons":[],"status":"passed","title":"should return 200 OK with health status"},{"ancestorTitles":["API Integration Tests","GET /health"],"duration":5,"failureDetails":[],"failureMessages":[],"fullName":"API Integration Tests GET /health should include dependency checks in health response","invocations":1,"location":null,"numPassingAsserts":3,"retryReasons":[],"status":"passed","title":"should include dependency checks in health response"},{"ancestorTitles":["API Integration Tests","POST /auth/login"],"duration":17,"failureDetails":[],"failureMessages":[],"fullName":"API Integration Tests POST /auth/login should authenticate with valid credentials","invocations":1,"location":null,"numPassingAsserts":2,"retryReasons":[],"status":"passed","title":"should authenticate with valid credentials"},{"ancestorTitles":["API Integration Tests","POST /auth/login"],"duration":5,"failureDetails":[],"failureMessages":[],"fullName":"API Integration Tests POST /auth/login should reject invalid credentials","invocations":1,"location":null,"numPassingAsserts":1,"retryReasons":[],"status":"passed","title":"should reject invalid credentials"},{"ancestorTitles":["API Integration Tests","POST /auth/login"],"duration":5,"failureDetails":[],"failureMessages":[],"fullName":"API Integration Tests POST /auth/login should require email and password","invocations":1,"location":null,"numPassingAsserts":1,"retryReasons":[],"status":"passed","title":"should require email and password"},{"ancestorTitles":["API Integration Tests","GET /api/v1/status"],"duration":5,"failureDetails":[],"failureMessages":[],"fullName":"API Integration Tests GET /api/v1/status should return service status","invocations":1,"location":null,"numPassingAsserts":3,"retryReasons":[],"status":"passed","title":"should return service status"},{"ancestorTitles":["API Integration Tests","Error Handling"],"duration":6,"failureDetails":[],"failureMessages":[],"fullName":"API Integration Tests Error Handling should return consistent error format","invocations":1,"location":null,"numPassingAsserts":3,"retryReasons":[],"status":"passed","title":"should return consistent error format"}],"endTime":1773326521757,"message":"","name":"/home/akushnir/self-hosted-runner/backend/tests/integration/api.test.ts","startTime":1773326521612,"status":"passed","summary":""},{"assertionResults":[{"ancestorTitles":["Input Validation Schemas","LoginSchema"],"duration":2,"failureDetails":[],"failureMessages":[],"fullName":"Input Validation Schemas LoginSchema should validate correct login request","invocations":1,"location":null,"numPassingAsserts":2,"retryReasons":[],"status":"passed","title":"should validate correct login request"},{"ancestorTitles":["Input Validation Schemas","LoginSchema"],"duration":0,"failureDetails":[],"failureMessages":[],"fullName":"Input Validation Schemas LoginSchema should lowercase email addresses","invocations":1,"location":null,"numPassingAsserts":1,"retryReasons":[],"status":"passed","title":"should lowercase email addresses"},{"ancestorTitles":["Input Validation Schemas","LoginSchema"],"duration":10,"failureDetails":[],"failureMessages":[],"fullName":"Input Validation Schemas LoginSchema should reject invalid email","invocations":1,"location":null,"numPassingAsserts":1,"retryReasons":[],"status":"passed","title":"should reject invalid email"},{"ancestorTitles":["Input Validation Schemas","LoginSchema"],"duration":1,"failureDetails":[],"failureMessages":[],"fullName":"Input Validation Schemas LoginSchema should reject password shorter than 8 characters","invocations":1,"location":null,"numPassingAsserts":1,"retryReasons":[],"status":"passed","title":"should reject password shorter than 8 characters"},{"ancestorTitles":["Input Validation Schemas","CredentialAccessSchema"],"duration":1,"failureDetails":[],"failureMessages":[],"fullName":"Input Validation Schemas CredentialAccessSchema should validate credential name format","invocations":1,"location":null,"numPassingAsserts":3,"retryReasons":[],"status":"passed","title":"should validate credential name format"},{"ancestorTitles":["Input Validation Schemas","CredentialAccessSchema"],"duration":3,"failureDetails":[],"failureMessages":[],"fullName":"Input Validation Schemas CredentialAccessSchema should reject invalid credential names","invocations":1,"location":null,"numPassingAsserts":3,"retryReasons":[],"status":"passed","title":"should reject invalid credential names"},{"ancestorTitles":["Input Validation Schemas","CredentialAccessSchema"],"duration":1,"failureDetails":[],"failureMessages":[],"fullName":"Input Validation Schemas CredentialAccessSchema should enforce name length limits","invocations":1,"location":null,"numPassingAsserts":1,"retryReasons":[],"status":"passed","title":"should enforce name length limits"},{"ancestorTitles":["Input Validation Schemas","CredentialCreateSchema"],"duration":1,"failureDetails":[],"failureMessages":[],"fullName":"Input Validation Schemas CredentialCreateSchema should validate complete credential creation","invocations":1,"location":null,"numPassingAsserts":2,"retryReasons":[],"status":"passed","title":"should validate complete credential creation"},{"ancestorTitles":["Input Validation Schemas","CredentialCreateSchema"],"duration":2,"failureDetails":[],"failureMessages":[],"fullName":"Input Validation Schemas CredentialCreateSchema should reject invalid credential type","invocations":1,"location":null,"numPassingAsserts":1,"retryReasons":[],"status":"passed","title":"should reject invalid credential type"},{"ancestorTitles":["Input Validation Schemas","CredentialCreateSchema"],"duration":1,"failureDetails":[],"failureMessages":[],"fullName":"Input Validation Schemas CredentialCreateSchema should require credential value","invocations":1,"location":null,"numPassingAsserts":1,"retryReasons":[],"status":"passed","title":"should require credential value"},{"ancestorTitles":["Input Validation Schemas","CredentialCreateSchema"],"duration":1,"failureDetails":[],"failureMessages":[],"fullName":"Input Validation Schemas CredentialCreateSchema should make metadata optional","invocations":1,"location":null,"numPassingAsserts":1,"retryReasons":[],"status":"passed","title":"should make metadata optional"},{"ancestorTitles":["Input Validation Schemas","AuditQuerySchema"],"duration":2,"failureDetails":[],"failureMessages":[],"fullName":"Input Validation Schemas AuditQuerySchema should validate audit query with defaults","invocations":1,"location":null,"numPassingAsserts":2,"retryReasons":[],"status":"passed","title":"should validate audit query with defaults"},{"ancestorTitles":["Input Validation Schemas","AuditQuerySchema"],"duration":0,"failureDetails":[],"failureMessages":[],"fullName":"Input Validation Schemas AuditQuerySchema should respect custom pagination limits","invocations":1,"location":null,"numPassingAsserts":2,"retryReasons":[],"status":"passed","title":"should respect custom pagination limits"},{"ancestorTitles":["Input Validation Schemas","AuditQuerySchema"],"duration":1,"failureDetails":[],"failureMessages":[],"fullName":"Input Validation Schemas AuditQuerySchema should reject limit over 1000","invocations":1,"location":null,"numPassingAsserts":1,"retryReasons":[],"status":"passed","title":"should reject limit over 1000"},{"ancestorTitles":["Input Validation Schemas","AuditQuerySchema"],"duration":1,"failureDetails":[],"failureMessages":[],"fullName":"Input Validation Schemas AuditQuerySchema should allow filtering by action","invocations":1,"location":null,"numPassingAsserts":1,"retryReasons":[],"status":"passed","title":"should allow filtering by action"},{"ancestorTitles":["Input Validation Schemas","validateSafe function"],"duration":1,"failureDetails":[],"failureMessages":[],"fullName":"Input Validation Schemas validateSafe function should return null on validation error instead of throwing","invocations":1,"location":null,"numPassingAsserts":1,"retryReasons":[],"status":"passed","title":"should return null on validation error instead of throwing"},{"ancestorTitles":["Input Validation Schemas","validateSafe function"],"duration":1,"failureDetails":[],"failureMessages":[],"fullName":"Input Validation Schemas validateSafe function should return validated data on success","invocations":1,"location":null,"numPassingAsserts":2,"retryReasons":[],"status":"passed","title":"should return validated data on success"},{"ancestorTitles":["Input Validation Schemas","OAuthSchema"],"duration":0,"failureDetails":[],"failureMessages":[],"fullName":"Input Validation Schemas OAuthSchema should validate OAuth parameters","invocations":1,"location":null,"numPassingAsserts":1,"retryReasons":[],"status":"passed","title":"should validate OAuth parameters"},{"ancestorTitles":["Input Validation Schemas","OAuthSchema"],"duration":1,"failureDetails":[],"failureMessages":[],"fullName":"Input Validation Schemas OAuthSchema should reject invalid provider","invocations":1,"location":null,"numPassingAsserts":1,"retryReasons":[],"status":"passed","title":"should reject invalid provider"},{"ancestorTitles":["Input Validation Schemas","OAuthSchema"],"duration":1,"failureDetails":[],"failureMessages":[],"fullName":"Input Validation Schemas OAuthSchema should validate redirect URI format","invocations":1,"location":null,"numPassingAsserts":1,"retryReasons":[],"status":"passed","title":"should validate redirect URI format"}],"endTime":1773326521890,"message":"","name":"/home/akushnir/self-hosted-runner/backend/tests/unit/validation.test.ts","startTime":1773326521762,"status":"passed","summary":""},{"assertionResults":[{"ancestorTitles":["Audit Service","Audit Entry Creation"],"duration":3,"failureDetails":[],"failureMessages":[],"fullName":"Audit Service Audit Entry Creation should create audit entry with all required fields","invocations":1,"location":null,"numPassingAsserts":6,"retryReasons":[],"status":"passed","title":"should create audit entry with all required fields"},{"ancestorTitles":["Audit Service","Audit Entry Creation"],"duration":1,"failureDetails":[],"failureMessages":[],"fullName":"Audit Service Audit Entry Creation should support optional details field","invocations":1,"location":null,"numPassingAsserts":2,"retryReasons":[],"status":"passed","title":"should support optional details field"},{"ancestorTitles":["Audit Service","Audit Entry Creation"],"duration":1,"failureDetails":[],"failureMessages":[],"fullName":"Audit Service Audit Entry Creation should support IP address and user agent tracking","invocations":1,"location":null,"numPassingAsserts":2,"retryReasons":[],"status":"passed","title":"should support IP address and user agent tracking"},{"ancestorTitles":["Audit Service","Immutable Audit Trail"],"duration":2,"failureDetails":[],"failureMessages":[],"fullName":"Audit Service Immutable Audit Trail should generate consistent hash for same entry","invocations":1,"location":null,"numPassingAsserts":2,"retryReasons":[],"status":"passed","title":"should generate consistent hash for same entry"},{"ancestorTitles":["Audit Service","Immutable Audit Trail"],"duration":1,"failureDetails":[],"failureMessages":[],"fullName":"Audit Service Immutable Audit Trail should create hash chain (blockchain-like)","invocations":1,"location":null,"numPassingAsserts":2,"retryReasons":[],"status":"passed","title":"should create hash chain (blockchain-like)"},{"ancestorTitles":["Audit Service","Immutable Audit Trail"],"duration":3,"failureDetails":[],"failureMessages":[],"fullName":"Audit Service Immutable Audit Trail should create tamper-evident audit trail","invocations":1,"location":null,"numPassingAsserts":5,"retryReasons":[],"status":"passed","title":"should create tamper-evident audit trail"},{"ancestorTitles":["Audit Service","Event Types"],"duration":1,"failureDetails":[],"failureMessages":[],"fullName":"Audit Service Event Types should log event type: credential_rotated","invocations":1,"location":null,"numPassingAsserts":1,"retryReasons":[],"status":"passed","title":"should log event type: credential_rotated"},{"ancestorTitles":["Audit Service","Event Types"],"duration":1,"failureDetails":[],"failureMessages":[],"fullName":"Audit Service Event Types should log event type: credential_accessed","invocations":1,"location":null,"numPassingAsserts":1,"retryReasons":[],"status":"passed","title":"should log event type: credential_accessed"},{"ancestorTitles":["Audit Service","Event Types"],"duration":1,"failureDetails":[],"failureMessages":[],"fullName":"Audit Service Event Types should log event type: user_login","invocations":1,"location":null,"numPassingAsserts":1,"retryReasons":[],"status":"passed","title":"should log event type: user_login"},{"ancestorTitles":["Audit Service","Event Types"],"duration":1,"failureDetails":[],"failureMessages":[],"fullName":"Audit Service Event Types should log event type: access_denied","invocations":1,"location":null,"numPassingAsserts":1,"retryReasons":[],"status":"passed","title":"should log event type: access_denied"},{"ancestorTitles":["Audit Service","Event Types"],"duration":0,"failureDetails":[],"failureMessages":[],"fullName":"Audit Service Event Types should log event type: policy_violation","invocations":1,"location":null,"numPassingAsserts":1,"retryReasons":[],"status":"passed","title":"should log event type: policy_violation"},{"ancestorTitles":["Audit Service","Event Types"],"duration":0,"failureDetails":[],"failureMessages":[],"fullName":"Audit Service Event Types should log event type: compliance_check","invocations":1,"location":null,"numPassingAsserts":1,"retryReasons":[],"status":"passed","title":"should log event type: compliance_check"},{"ancestorTitles":["Audit Service","Event Types"],"duration":1,"failureDetails":[],"failureMessages":[],"fullName":"Audit Service Event Types should log event type: system_event","invocations":1,"location":null,"numPassingAsserts":1,"retryReasons":[],"status":"passed","title":"should log event type: system_event"},{"ancestorTitles":["Audit Service","Status Tracking"],"duration":1,"failureDetails":[],"failureMessages":[],"fullName":"Audit Service Status Tracking should track successful operations","invocations":1,"location":null,"numPassingAsserts":1,"retryReasons":[],"status":"passed","title":"should track successful operations"},{"ancestorTitles":["Audit Service","Status Tracking"],"duration":1,"failureDetails":[],"failureMessages":[],"fullName":"Audit Service Status Tracking should track denied operations","invocations":1,"location":null,"numPassingAsserts":1,"retryReasons":[],"status":"passed","title":"should track denied operations"},{"ancestorTitles":["Audit Service","Status Tracking"],"duration":1,"failureDetails":[],"failureMessages":[],"fullName":"Audit Service Status Tracking should track failed operations","invocations":1,"location":null,"numPassingAsserts":1,"retryReasons":[],"status":"passed","title":"should track failed operations"},{"ancestorTitles":["Audit Service","Audit Entry Timestamps"],"duration":1,"failureDetails":[],"failureMessages":[],"fullName":"Audit Service Audit Entry Timestamps should record timestamp of audit event","invocations":1,"location":null,"numPassingAsserts":3,"retryReasons":[],"status":"passed","title":"should record timestamp of audit event"},{"ancestorTitles":["Audit Service","Audit Entry Timestamps"],"duration":1,"failureDetails":[],"failureMessages":[],"fullName":"Audit Service Audit Entry Timestamps should support explicit timestamp in entry","invocations":1,"location":null,"numPassingAsserts":1,"retryReasons":[],"status":"passed","title":"should support explicit timestamp in entry"},{"ancestorTitles":["Audit Service","Resource Tracking"],"duration":1,"failureDetails":[],"failureMessages":[],"fullName":"Audit Service Resource Tracking should support credential resources","invocations":1,"location":null,"numPassingAsserts":2,"retryReasons":[],"status":"passed","title":"should support credential resources"},{"ancestorTitles":["Audit Service","Resource Tracking"],"duration":1,"failureDetails":[],"failureMessages":[],"fullName":"Audit Service Resource Tracking should support user resources","invocations":1,"location":null,"numPassingAsserts":2,"retryReasons":[],"status":"passed","title":"should support user resources"},{"ancestorTitles":["Audit Service","Resource Tracking"],"duration":0,"failureDetails":[],"failureMessages":[],"fullName":"Audit Service Resource Tracking should support policy resources","invocations":1,"location":null,"numPassingAsserts":2,"retryReasons":[],"status":"passed","title":"should support policy resources"},{"ancestorTitles":["Audit Service","Resource Tracking"],"duration":0,"failureDetails":[],"failureMessages":[],"fullName":"Audit Service Resource Tracking should allow empty resourceId for system events","invocations":1,"location":null,"numPassingAsserts":1,"retryReasons":[],"status":"passed","title":"should allow empty resourceId for system events"},{"ancestorTitles":["Audit Service","Audit Idempotency"],"duration":1,"failureDetails":[],"failureMessages":[],"fullName":"Audit Service Audit Idempotency should produce consistent audit entries for same input","invocations":1,"location":null,"numPassingAsserts":4,"retryReasons":[],"status":"passed","title":"should produce consistent audit entries for same input"},{"ancestorTitles":["Audit Service","Append-Only Invariant"],"duration":1,"failureDetails":[],"failureMessages":[],"fullName":"Audit Service Append-Only Invariant should never delete audit entries","invocations":1,"location":null,"numPassingAsserts":3,"retryReasons":[],"status":"passed","title":"should never delete audit entries"},{"ancestorTitles":["Audit Service","Append-Only Invariant"],"duration":1,"failureDetails":[],"failureMessages":[],"fullName":"Audit Service Append-Only Invariant should never modify audit entries","invocations":1,"location":null,"numPassingAsserts":3,"retryReasons":[],"status":"passed","title":"should never modify audit entries"}],"endTime":1773326522059,"message":"","name":"/home/akushnir/self-hosted-runner/backend/tests/unit/services/audit.test.ts","startTime":1773326521929,"status":"passed","summary":""},{"assertionResults":[{"ancestorTitles":["CredentialService","getCredential"],"duration":2,"failureDetails":[],"failureMessages":[],"fullName":"CredentialService getCredential should resolve credential from GSM layer","invocations":1,"location":null,"numPassingAsserts":4,"retryReasons":[],"status":"passed","title":"should resolve credential from GSM layer"},{"ancestorTitles":["CredentialService","getCredential"],"duration":1,"failureDetails":[],"failureMessages":[],"fullName":"CredentialService getCredential should fallback to Vault when GSM fails","invocations":1,"location":null,"numPassingAsserts":3,"retryReasons":[],"status":"passed","title":"should fallback to Vault when GSM fails"},{"ancestorTitles":["CredentialService","getCredential"],"duration":1,"failureDetails":[],"failureMessages":[],"fullName":"CredentialService getCredential should fallback to KMS when GSM and Vault fail","invocations":1,"location":null,"numPassingAsserts":3,"retryReasons":[],"status":"passed","title":"should fallback to KMS when GSM and Vault fail"},{"ancestorTitles":["CredentialService","getCredential"],"duration":7,"failureDetails":[],"failureMessages":[],"fullName":"CredentialService getCredential should throw CredentialResolutionError when all layers fail","invocations":1,"location":null,"numPassingAsserts":1,"retryReasons":[],"status":"passed","title":"should throw CredentialResolutionError when all layers fail"},{"ancestorTitles":["CredentialService","getCredential"],"duration":1,"failureDetails":[],"failureMessages":[],"fullName":"CredentialService getCredential should include latency metrics in response","invocations":1,"location":null,"numPassingAsserts":2,"retryReasons":[],"status":"passed","title":"should include latency metrics in response"},{"ancestorTitles":["Error Handling"],"duration":1,"failureDetails":[],"failureMessages":[],"fullName":"Error Handling should create CredentialResolutionError with proper structure","invocations":1,"location":null,"numPassingAsserts":3,"retryReasons":[],"status":"passed","title":"should create CredentialResolutionError with proper structure"},{"ancestorTitles":["Error Handling"],"duration":1,"failureDetails":[],"failureMessages":[],"fullName":"Error Handling should convert ApplicationError to JSON","invocations":1,"location":null,"numPassingAsserts":3,"retryReasons":[],"status":"passed","title":"should convert ApplicationError to JSON"},{"ancestorTitles":["Error Handling"],"duration":1,"failureDetails":[],"failureMessages":[],"fullName":"Error Handling should maintain error chain with cause","invocations":1,"location":null,"numPassingAsserts":1,"retryReasons":[],"status":"passed","title":"should maintain error chain with cause"}],"endTime":1773326522271,"message":"","name":"/home/akushnir/self-hosted-runner/backend/tests/unit/services/credentials.test.ts","startTime":1773326522093,"status":"passed","summary":""},{"assertionResults":[{"ancestorTitles":["Authentication Service","JWT Token Generation"],"duration":4,"failureDetails":[],"failureMessages":[],"fullName":"Authentication Service JWT Token Generation should generate valid JWT token","invocations":1,"location":null,"numPassingAsserts":3,"retryReasons":[],"status":"passed","title":"should generate valid JWT token"},{"ancestorTitles":["Authentication Service","JWT Token Generation"],"duration":2,"failureDetails":[],"failureMessages":[],"fullName":"Authentication Service JWT Token Generation should generate different tokens for different users","invocations":1,"location":null,"numPassingAsserts":1,"retryReasons":[],"status":"passed","title":"should generate different tokens for different users"},{"ancestorTitles":["Authentication Service","JWT Token Generation"],"duration":3,"failureDetails":[],"failureMessages":[],"fullName":"Authentication Service JWT Token Generation should include timestamp in JWT payload (iat claim)","invocations":1,"location":null,"numPassingAsserts":2,"retryReasons":[],"status":"passed","title":"should include timestamp in JWT payload (iat claim)"},{"ancestorTitles":["Authentication Service","JWT Token Verification"],"duration":3,"failureDetails":[],"failureMessages":[],"fullName":"Authentication Service JWT Token Verification should verify valid JWT token (idempotent)","invocations":1,"location":null,"numPassingAsserts":4,"retryReasons":[],"status":"passed","title":"should verify valid JWT token (idempotent)"},{"ancestorTitles":["Authentication Service","JWT Token Verification"],"duration":2,"failureDetails":[],"failureMessages":[],"fullName":"Authentication Service JWT Token Verification should extract correct claims from token","invocations":1,"location":null,"numPassingAsserts":3,"retryReasons":[],"status":"passed","title":"should extract correct claims from token"},{"ancestorTitles":["Authentication Service","JWT Token Verification"],"duration":5,"failureDetails":[],"failureMessages":[],"fullName":"Authentication Service JWT Token Verification should return null for invalid token","invocations":1,"location":null,"numPassingAsserts":1,"retryReasons":[],"status":"passed","title":"should return null for invalid token"},{"ancestorTitles":["Authentication Service","JWT Token Verification"],"duration":2,"failureDetails":[],"failureMessages":[],"fullName":"Authentication Service JWT Token Verification should return null for malformed token","invocations":1,"location":null,"numPassingAsserts":1,"retryReasons":[],"status":"passed","title":"should return null for malformed token"},{"ancestorTitles":["Authentication Service","JWT Token Verification"],"duration":4,"failureDetails":[],"failureMessages":[],"fullName":"Authentication Service JWT Token Verification should return null for tampered token (signature invalid)","invocations":1,"location":null,"numPassingAsserts":1,"retryReasons":[],"status":"passed","title":"should return null for tampered token (signature invalid)"},{"ancestorTitles":["Authentication Service","JWT Token Verification"],"duration":2,"failureDetails":[],"failureMessages":[],"fullName":"Authentication Service JWT Token Verification should have exp claim for token expiration","invocations":1,"location":null,"numPassingAsserts":3,"retryReasons":[],"status":"passed","title":"should have exp claim for token expiration"},{"ancestorTitles":["Authentication Service","JWT Token Verification"],"duration":3,"failureDetails":[],"failureMessages":[],"fullName":"Authentication Service JWT Token Verification should have iat claim for issued-at time","invocations":1,"location":null,"numPassingAsserts":3,"retryReasons":[],"status":"passed","title":"should have iat claim for issued-at time"},{"ancestorTitles":["Authentication Service","Authentication Middleware"],"duration":2,"failureDetails":[],"failureMessages":[],"fullName":"Authentication Service Authentication Middleware should call next() when Authorization header is valid","invocations":1,"location":null,"numPassingAsserts":1,"retryReasons":[],"status":"passed","title":"should call next() when Authorization header is valid"},{"ancestorTitles":["Authentication Service","Authentication Middleware"],"duration":1,"failureDetails":[],"failureMessages":[],"fullName":"Authentication Service Authentication Middleware should return 401 when Authorization header is missing","invocations":1,"location":null,"numPassingAsserts":3,"retryReasons":[],"status":"passed","title":"should return 401 when Authorization header is missing"},{"ancestorTitles":["Authentication Service","Authentication Middleware"],"duration":1,"failureDetails":[],"failureMessages":[],"fullName":"Authentication Service Authentication Middleware should return 401 when Authorization header does not start with Bearer","invocations":1,"location":null,"numPassingAsserts":2,"retryReasons":[],"status":"passed","title":"should return 401 when Authorization header does not start with Bearer"},{"ancestorTitles":["Authentication Service","Authentication Middleware"],"duration":1,"failureDetails":[],"failureMessages":[],"fullName":"Authentication Service Authentication Middleware should return 401 when Bearer token is missing","invocations":1,"location":null,"numPassingAsserts":1,"retryReasons":[],"status":"passed","title":"should return 401 when Bearer token is missing"},{"ancestorTitles":["Authentication Service","Authentication Middleware"],"duration":1,"failureDetails":[],"failureMessages":[],"fullName":"Authentication Service Authentication Middleware should return 401 when token is invalid","invocations":1,"location":null,"numPassingAsserts":2,"retryReasons":[],"status":"passed","title":"should return 401 when token is invalid"},{"ancestorTitles":["Authentication Service","Authentication Middleware"],"duration":2,"failureDetails":[],"failureMessages":[],"fullName":"Authentication Service Authentication Middleware should handle Authorization header case-insensitivity","invocations":1,"location":null,"numPassingAsserts":1,"retryReasons":[],"status":"passed","title":"should handle Authorization header case-insensitivity"},{"ancestorTitles":["Authentication Service","Token Security"],"duration":2,"failureDetails":[],"failureMessages":[],"fullName":"Authentication Service Token Security should not leak sensitive data in JWT payload","invocations":1,"location":null,"numPassingAsserts":4,"retryReasons":[],"status":"passed","title":"should not leak sensitive data in JWT payload"},{"ancestorTitles":["Authentication Service","Token Security"],"duration":2,"failureDetails":[],"failureMessages":[],"fullName":"Authentication Service Token Security should have issuer claim set to nexusshield","invocations":1,"location":null,"numPassingAsserts":1,"retryReasons":[],"status":"passed","title":"should have issuer claim set to nexusshield"},{"ancestorTitles":["Authentication Service","Token Security"],"duration":2,"failureDetails":[],"failureMessages":[],"fullName":"Authentication Service Token Security should have audience claim set to API","invocations":1,"location":null,"numPassingAsserts":1,"retryReasons":[],"status":"passed","title":"should have audience claim set to API"},{"ancestorTitles":["Authentication Service","Token Idempotency"],"duration":6,"failureDetails":[],"failureMessages":[],"fullName":"Authentication Service Token Idempotency should verify same token consistently (idempotent)","invocations":1,"location":null,"numPassingAsserts":17,"retryReasons":[],"status":"passed","title":"should verify same token consistently (idempotent)"}],"endTime":1773326522472,"message":"","name":"/home/akushnir/self-hosted-runner/backend/tests/unit/services/auth.test.ts","startTime":1773326522308,"status":"passed","summary":""},{"assertionResults":[{"ancestorTitles":["Compliance Service","Credential Validation"],"duration":1,"failureDetails":[],"failureMessages":[],"fullName":"Compliance Service Credential Validation should validate compliant credential","invocations":1,"location":null,"numPassingAsserts":3,"retryReasons":[],"status":"passed","title":"should validate compliant credential"},{"ancestorTitles":["Compliance Service","Credential Validation"],"duration":1,"failureDetails":[],"failureMessages":[],"fullName":"Compliance Service Credential Validation should reject short passwords","invocations":1,"location":null,"numPassingAsserts":1,"retryReasons":[],"status":"passed","title":"should reject short passwords"},{"ancestorTitles":["Compliance Service","Credential Validation"],"duration":1,"failureDetails":[],"failureMessages":[],"fullName":"Compliance Service Credential Validation should validate credential types","invocations":1,"location":null,"numPassingAsserts":10,"retryReasons":[],"status":"passed","title":"should validate credential types"},{"ancestorTitles":["Compliance Service","Credential Validation"],"duration":1,"failureDetails":[],"failureMessages":[],"fullName":"Compliance Service Credential Validation should be idempotent (same input produces same output)","invocations":1,"location":null,"numPassingAsserts":2,"retryReasons":[],"status":"passed","title":"should be idempotent (same input produces same output)"},{"ancestorTitles":["Compliance Service","Policy Validation"],"duration":0,"failureDetails":[],"failureMessages":[],"fullName":"Compliance Service Policy Validation should check minimum length requirement","invocations":1,"location":null,"numPassingAsserts":1,"retryReasons":[],"status":"passed","title":"should check minimum length requirement"},{"ancestorTitles":["Compliance Service","Policy Validation"],"duration":1,"failureDetails":[],"failureMessages":[],"fullName":"Compliance Service Policy Validation should enforce special character requirements","invocations":1,"location":null,"numPassingAsserts":1,"retryReasons":[],"status":"passed","title":"should enforce special character requirements"},{"ancestorTitles":["Compliance Service","Policy Validation"],"duration":0,"failureDetails":[],"failureMessages":[],"fullName":"Compliance Service Policy Validation should check alphanumeric requirements","invocations":1,"location":null,"numPassingAsserts":1,"retryReasons":[],"status":"passed","title":"should check alphanumeric requirements"},{"ancestorTitles":["Compliance Service","Violation Tracking"],"duration":0,"failureDetails":[],"failureMessages":[],"fullName":"Compliance Service Violation Tracking should create violation with required fields","invocations":1,"location":null,"numPassingAsserts":0,"retryReasons":[],"status":"passed","title":"should create violation with required fields"},{"ancestorTitles":["Compliance Service","Violation Tracking"],"duration":0,"failureDetails":[],"failureMessages":[],"fullName":"Compliance Service Violation Tracking should track policy violation events","invocations":1,"location":null,"numPassingAsserts":0,"retryReasons":[],"status":"passed","title":"should track policy violation events"},{"ancestorTitles":["Compliance Service","Violation Tracking"],"duration":0,"failureDetails":[],"failureMessages":[],"fullName":"Compliance Service Violation Tracking should track violation severity levels","invocations":1,"location":null,"numPassingAsserts":0,"retryReasons":[],"status":"passed","title":"should track violation severity levels"},{"ancestorTitles":["Compliance Service","Violation Tracking"],"duration":0,"failureDetails":[],"failureMessages":[],"fullName":"Compliance Service Violation Tracking should track violation resolution status","invocations":1,"location":null,"numPassingAsserts":0,"retryReasons":[],"status":"passed","title":"should track violation resolution status"},{"ancestorTitles":["Compliance Service","Violation Tracking"],"duration":1,"failureDetails":[],"failureMessages":[],"fullName":"Compliance Service Violation Tracking should include violation details","invocations":1,"location":null,"numPassingAsserts":0,"retryReasons":[],"status":"passed","title":"should include violation details"},{"ancestorTitles":["Compliance Service","Credential Pattern Matching"],"duration":0,"failureDetails":[],"failureMessages":[],"fullName":"Compliance Service Credential Pattern Matching should support wildcard pattern matching for credential names","invocations":1,"location":null,"numPassingAsserts":3,"retryReasons":[],"status":"passed","title":"should support wildcard pattern matching for credential names"},{"ancestorTitles":["Compliance Service","Compliance Events"],"duration":0,"failureDetails":[],"failureMessages":[],"fullName":"Compliance Service Compliance Events should log rotation_missed violations","invocations":1,"location":null,"numPassingAsserts":1,"retryReasons":[],"status":"passed","title":"should log rotation_missed violations"},{"ancestorTitles":["Compliance Service","Compliance Events"],"duration":0,"failureDetails":[],"failureMessages":[],"fullName":"Compliance Service Compliance Events should log access_denied violations","invocations":1,"location":null,"numPassingAsserts":1,"retryReasons":[],"status":"passed","title":"should log access_denied violations"},{"ancestorTitles":["Compliance Service","Compliance Events"],"duration":1,"failureDetails":[],"failureMessages":[],"fullName":"Compliance Service Compliance Events should log audit_divergence violations","invocations":1,"location":null,"numPassingAsserts":1,"retryReasons":[],"status":"passed","title":"should log audit_divergence violations"},{"ancestorTitles":["Compliance Service","Compliance Idempotency"],"duration":1,"failureDetails":[],"failureMessages":[],"fullName":"Compliance Service Compliance Idempotency should produce consistent compliance results","invocations":1,"location":null,"numPassingAsserts":8,"retryReasons":[],"status":"passed","title":"should produce consistent compliance results"},{"ancestorTitles":["Compliance Service","Enforcement Levels"],"duration":0,"failureDetails":[],"failureMessages":[],"fullName":"Compliance Service Enforcement Levels should distinguish between advisory and enforced policies","invocations":1,"location":null,"numPassingAsserts":0,"retryReasons":[],"status":"passed","title":"should distinguish between advisory and enforced policies"},{"ancestorTitles":["Compliance Service","Enforcement Levels"],"duration":0,"failureDetails":[],"failureMessages":[],"fullName":"Compliance Service Enforcement Levels should return empty violations for fully compliant credential","invocations":1,"location":null,"numPassingAsserts":2,"retryReasons":[],"status":"passed","title":"should return empty violations for fully compliant credential"},{"ancestorTitles":["Compliance Service","Remediation Guidance"],"duration":1,"failureDetails":[],"failureMessages":[],"fullName":"Compliance Service Remediation Guidance should suggest remediation steps for violations","invocations":1,"location":null,"numPassingAsserts":0,"retryReasons":[],"status":"passed","title":"should suggest remediation steps for violations"},{"ancestorTitles":["Compliance Service","Credential Type Specific Rules"],"duration":0,"failureDetails":[],"failureMessages":[],"fullName":"Compliance Service Credential Type Specific Rules should validate SSH key format","invocations":1,"location":null,"numPassingAsserts":2,"retryReasons":[],"status":"passed","title":"should validate SSH key format"},{"ancestorTitles":["Compliance Service","Credential Type Specific Rules"],"duration":1,"failureDetails":[],"failureMessages":[],"fullName":"Compliance Service Credential Type Specific Rules should validate API key format","invocations":1,"location":null,"numPassingAsserts":2,"retryReasons":[],"status":"passed","title":"should validate API key format"},{"ancestorTitles":["Compliance Service","Credential Type Specific Rules"],"duration":0,"failureDetails":[],"failureMessages":[],"fullName":"Compliance Service Credential Type Specific Rules should validate OAuth token format","invocations":1,"location":null,"numPassingAsserts":2,"retryReasons":[],"status":"passed","title":"should validate OAuth token format"},{"ancestorTitles":["Compliance Service","Credential Type Specific Rules"],"duration":1,"failureDetails":[],"failureMessages":[],"fullName":"Compliance Service Credential Type Specific Rules should validate certificate format","invocations":1,"location":null,"numPassingAsserts":2,"retryReasons":[],"status":"passed","title":"should validate certificate format"}],"endTime":1773326522536,"message":"","name":"/home/akushnir/self-hosted-runner/backend/tests/unit/services/compliance.test.ts","startTime":1773326522483,"status":"passed","summary":""},{"assertionResults":[{"ancestorTitles":["Unified Response Schema","successResponse"],"duration":1,"failureDetails":[],"failureMessages":[],"fullName":"Unified Response Schema successResponse should create success response with data","invocations":1,"location":null,"numPassingAsserts":5,"retryReasons":[],"status":"passed","title":"should create success response with data"},{"ancestorTitles":["Unified Response Schema","successResponse"],"duration":1,"failureDetails":[],"failureMessages":[],"fullName":"Unified Response Schema successResponse should include ISO 8601 timestamp","invocations":1,"location":null,"numPassingAsserts":3,"retryReasons":[],"status":"passed","title":"should include ISO 8601 timestamp"},{"ancestorTitles":["Unified Response Schema","successResponse"],"duration":0,"failureDetails":[],"failureMessages":[],"fullName":"Unified Response Schema successResponse should accept custom HTTP status code","invocations":1,"location":null,"numPassingAsserts":1,"retryReasons":[],"status":"passed","title":"should accept custom HTTP status code"},{"ancestorTitles":["Unified Response Schema","errorResponse"],"duration":1,"failureDetails":[],"failureMessages":[],"fullName":"Unified Response Schema errorResponse should create error response with required fields","invocations":1,"location":null,"numPassingAsserts":5,"retryReasons":[],"status":"passed","title":"should create error response with required fields"},{"ancestorTitles":["Unified Response Schema","errorResponse"],"duration":0,"failureDetails":[],"failureMessages":[],"fullName":"Unified Response Schema errorResponse should mark non-retryable errors by default","invocations":1,"location":null,"numPassingAsserts":2,"retryReasons":[],"status":"passed","title":"should mark non-retryable errors by default"},{"ancestorTitles":["Unified Response Schema","errorResponse"],"duration":1,"failureDetails":[],"failureMessages":[],"fullName":"Unified Response Schema errorResponse should support retryable errors with backoff","invocations":1,"location":null,"numPassingAsserts":2,"retryReasons":[],"status":"passed","title":"should support retryable errors with backoff"},{"ancestorTitles":["Unified Response Schema","errorResponse"],"duration":0,"failureDetails":[],"failureMessages":[],"fullName":"Unified Response Schema errorResponse should include additional details for debugging","invocations":1,"location":null,"numPassingAsserts":1,"retryReasons":[],"status":"passed","title":"should include additional details for debugging"},{"ancestorTitles":["Unified Response Schema","partialResponse"],"duration":1,"failureDetails":[],"failureMessages":[],"fullName":"Unified Response Schema partialResponse should create partial response with warnings","invocations":1,"location":null,"numPassingAsserts":4,"retryReasons":[],"status":"passed","title":"should create partial response with warnings"},{"ancestorTitles":["Unified Response Schema","partialResponse"],"duration":0,"failureDetails":[],"failureMessages":[],"fullName":"Unified Response Schema partialResponse should handle multiple warnings","invocations":1,"location":null,"numPassingAsserts":1,"retryReasons":[],"status":"passed","title":"should handle multiple warnings"},{"ancestorTitles":["Unified Response Schema","getHttpStatus"],"duration":1,"failureDetails":[],"failureMessages":[],"fullName":"Unified Response Schema getHttpStatus should map error codes to HTTP status codes","invocations":1,"location":null,"numPassingAsserts":4,"retryReasons":[],"status":"passed","title":"should map error codes to HTTP status codes"},{"ancestorTitles":["Unified Response Schema","getHttpStatus"],"duration":0,"failureDetails":[],"failureMessages":[],"fullName":"Unified Response Schema getHttpStatus should return 500 for unknown error codes","invocations":1,"location":null,"numPassingAsserts":1,"retryReasons":[],"status":"passed","title":"should return 500 for unknown error codes"},{"ancestorTitles":["Unified Response Schema","Error Payload Structure"],"duration":1,"failureDetails":[],"failureMessages":[],"fullName":"Unified Response Schema Error Payload Structure should validate error code enum","invocations":1,"location":null,"numPassingAsserts":3,"retryReasons":[],"status":"passed","title":"should validate error code enum"},{"ancestorTitles":["Unified Response Schema","Error Payload Structure"],"duration":0,"failureDetails":[],"failureMessages":[],"fullName":"Unified Response Schema Error Payload Structure should support custom error codes (not just enum)","invocations":1,"location":null,"numPassingAsserts":1,"retryReasons":[],"status":"passed","title":"should support custom error codes (not just enum)"},{"ancestorTitles":["Unified Response Schema","Response Metadata"],"duration":1,"failureDetails":[],"failureMessages":[],"fullName":"Unified Response Schema Response Metadata should always include metadata","invocations":1,"location":null,"numPassingAsserts":12,"retryReasons":[],"status":"passed","title":"should always include metadata"}],"endTime":1773326522575,"message":"","name":"/home/akushnir/self-hosted-runner/backend/tests/unit/lib/unified-response.test.ts","startTime":1773326522539,"status":"passed","summary":""}],"wasInterrupted":false}
